2022-01-16 15:13:13,703 - INFO - client_log_config.py - Лог-файл от 2022-01-16 15:13:13.703745
2022-01-16 15:13:13,703 - CRITICAL - client_log_config.py - ОТЛАДКА Критическая ошибка
2022-01-16 15:13:13,703 - ERROR - client_log_config.py - ОТЛАДКА Ошибка
2022-01-16 15:13:13,703 - DEBUG - client_log_config.py - ОТЛАДКА Отладочная информация
2022-01-16 15:13:13,703 - INFO - client_log_config.py - ОТЛАДКА Информационное сообщение
2022-01-23 12:39:22,623 - INFO       - client - Соединение с localhost / 7777 - установлено
2022-01-23 12:39:22,624 - INFO       - client - Отправка сообщения на сервер: {"command": "\u0421\u0435\u0440\u0432\u0435\u0440", "text": []}
2022-01-23 12:39:22,626 - INFO       - client - Сообщение отправлено на сервер (localhost / 7777: Сервер
2022-01-23 12:39:22,676 - ERROR      - client - Ошибка исполнения кода в программе клиента.
2022-01-23 12:58:47,140 - INFO       - client - Получено сообщение от сервера (localhost / 7777: Sun Jan 23 12:58:47 2022

2022-01-23 12:58:47,348 - INFO       - client - Получено сообщение от сервера (localhost / 7777: Sun Jan 23 12:58:47 2022

2022-01-23 12:58:47,563 - INFO       - client - Получено сообщение от сервера (localhost / 7777: Sun Jan 23 12:58:47 2022

2022-01-23 12:58:47,765 - INFO       - client - Получено сообщение от сервера (localhost / 7777: Sun Jan 23 12:58:47 2022

2022-01-23 12:58:47,968 - INFO       - client - Получено сообщение от сервера (localhost / 7777: Sun Jan 23 12:58:47 2022

2022-01-23 12:58:48,171 - INFO       - client - Получено сообщение от сервера (localhost / 7777: Sun Jan 23 12:58:48 2022

2022-01-23 12:58:48,372 - INFO       - client - Получено сообщение от сервера (localhost / 7777: Sun Jan 23 12:58:48 2022

2022-01-23 12:58:48,577 - INFO       - client - Получено сообщение от сервера (localhost / 7777: Sun Jan 23 12:58:48 2022

2022-01-23 12:58:48,793 - INFO       - client - Получено сообщение от сервера (localhost / 7777: Sun Jan 23 12:58:48 2022

2022-01-23 12:58:49,009 - INFO       - client - Получено сообщение от сервера (localhost / 7777: Sun Jan 23 12:58:49 2022

2022-01-23 12:58:49,225 - INFO       - client - Получено сообщение от сервера (localhost / 7777: Sun Jan 23 12:58:49 2022

2022-01-23 12:58:49,429 - INFO       - client - Получено сообщение от сервера (localhost / 7777: Sun Jan 23 12:58:49 2022

2022-01-23 12:58:49,631 - INFO       - client - Получено сообщение от сервера (localhost / 7777: Sun Jan 23 12:58:49 2022

2022-01-23 12:58:49,833 - INFO       - client - Получено сообщение от сервера (localhost / 7777: Sun Jan 23 12:58:49 2022

2022-01-23 12:58:50,049 - INFO       - client - Получено сообщение от сервера (localhost / 7777: Sun Jan 23 12:58:50 2022

2022-01-23 12:58:50,252 - INFO       - client - Получено сообщение от сервера (localhost / 7777: Sun Jan 23 12:58:50 2022

2022-01-23 12:58:50,455 - INFO       - client - Получено сообщение от сервера (localhost / 7777: Sun Jan 23 12:58:50 2022

2022-01-23 12:58:50,660 - INFO       - client - Получено сообщение от сервера (localhost / 7777: Sun Jan 23 12:58:50 2022

2022-01-23 12:58:50,861 - INFO       - client - Получено сообщение от сервера (localhost / 7777: Sun Jan 23 12:58:50 2022

2022-01-23 12:58:51,064 - INFO       - client - Получено сообщение от сервера (localhost / 7777: Sun Jan 23 12:58:51 2022

2022-01-23 12:58:51,265 - INFO       - client - Получено сообщение от сервера (localhost / 7777: Sun Jan 23 12:58:51 2022

2022-01-23 12:58:51,471 - INFO       - client - Получено сообщение от сервера (localhost / 7777: Sun Jan 23 12:58:51 2022

2022-01-23 12:58:51,674 - INFO       - client - Получено сообщение от сервера (localhost / 7777: Sun Jan 23 12:58:51 2022

2022-01-23 12:58:51,876 - INFO       - client - Получено сообщение от сервера (localhost / 7777: Sun Jan 23 12:58:51 2022

2022-01-23 12:58:52,078 - INFO       - client - Получено сообщение от сервера (localhost / 7777: Sun Jan 23 12:58:52 2022

2022-01-23 12:58:52,283 - INFO       - client - Получено сообщение от сервера (localhost / 7777: Sun Jan 23 12:58:52 2022

2022-01-23 12:58:52,497 - INFO       - client - Получено сообщение от сервера (localhost / 7777: Sun Jan 23 12:58:52 2022

2022-01-23 12:58:52,714 - INFO       - client - Получено сообщение от сервера (localhost / 7777: Sun Jan 23 12:58:52 2022

2022-01-23 12:58:52,918 - INFO       - client - Получено сообщение от сервера (localhost / 7777: Sun Jan 23 12:58:52 2022

2022-01-23 12:58:53,134 - INFO       - client - Получено сообщение от сервера (localhost / 7777: Sun Jan 23 12:58:53 2022

2022-01-23 12:58:53,336 - INFO       - client - Получено сообщение от сервера (localhost / 7777: Sun Jan 23 12:58:53 2022

2022-01-23 12:58:53,537 - INFO       - client - Получено сообщение от сервера (localhost / 7777: Sun Jan 23 12:58:53 2022

2022-01-23 12:58:53,742 - INFO       - client - Получено сообщение от сервера (localhost / 7777: Sun Jan 23 12:58:53 2022

2022-01-23 12:58:53,944 - INFO       - client - Получено сообщение от сервера (localhost / 7777: Sun Jan 23 12:58:53 2022

2022-01-23 12:58:54,161 - INFO       - client - Получено сообщение от сервера (localhost / 7777: Sun Jan 23 12:58:54 2022

2022-01-23 12:58:54,364 - INFO       - client - Получено сообщение от сервера (localhost / 7777: Sun Jan 23 12:58:54 2022

2022-01-23 12:58:54,580 - INFO       - client - Получено сообщение от сервера (localhost / 7777: Sun Jan 23 12:58:54 2022

2022-01-23 12:58:54,784 - INFO       - client - Получено сообщение от сервера (localhost / 7777: Sun Jan 23 12:58:54 2022

2022-01-23 12:58:54,988 - INFO       - client - Получено сообщение от сервера (localhost / 7777: Sun Jan 23 12:58:54 2022

2022-01-23 12:58:55,192 - INFO       - client - Получено сообщение от сервера (localhost / 7777: Sun Jan 23 12:58:55 2022

2022-01-23 12:58:55,395 - INFO       - client - Получено сообщение от сервера (localhost / 7777: Sun Jan 23 12:58:55 2022

2022-01-23 12:58:55,597 - INFO       - client - Получено сообщение от сервера (localhost / 7777: Sun Jan 23 12:58:55 2022

2022-01-23 12:58:55,802 - INFO       - client - Получено сообщение от сервера (localhost / 7777: Sun Jan 23 12:58:55 2022

2022-01-23 12:58:56,003 - INFO       - client - Получено сообщение от сервера (localhost / 7777: Sun Jan 23 12:58:56 2022

2022-01-23 12:58:56,209 - INFO       - client - Получено сообщение от сервера (localhost / 7777: Sun Jan 23 12:58:56 2022

2022-01-23 12:58:56,425 - INFO       - client - Получено сообщение от сервера (localhost / 7777: Sun Jan 23 12:58:56 2022

2022-01-23 12:58:56,642 - INFO       - client - Получено сообщение от сервера (localhost / 7777: Sun Jan 23 12:58:56 2022

2022-01-23 12:58:56,860 - INFO       - client - Получено сообщение от сервера (localhost / 7777: Sun Jan 23 12:58:56 2022

2022-01-23 12:58:57,076 - INFO       - client - Получено сообщение от сервера (localhost / 7777: Sun Jan 23 12:58:57 2022

2022-01-23 12:58:57,294 - INFO       - client - Получено сообщение от сервера (localhost / 7777: Sun Jan 23 12:58:57 2022

2022-01-23 12:58:57,512 - INFO       - client - Получено сообщение от сервера (localhost / 7777: Sun Jan 23 12:58:57 2022

2022-01-23 12:58:57,727 - INFO       - client - Получено сообщение от сервера (localhost / 7777: Sun Jan 23 12:58:57 2022

2022-01-23 12:58:57,930 - INFO       - client - Получено сообщение от сервера (localhost / 7777: Sun Jan 23 12:58:57 2022

2022-01-23 12:58:58,133 - INFO       - client - Получено сообщение от сервера (localhost / 7777: Sun Jan 23 12:58:58 2022

2022-01-23 12:58:58,336 - INFO       - client - Получено сообщение от сервера (localhost / 7777: Sun Jan 23 12:58:58 2022

2022-01-23 12:58:58,554 - INFO       - client - Получено сообщение от сервера (localhost / 7777: Sun Jan 23 12:58:58 2022

2022-01-23 12:58:58,772 - INFO       - client - Получено сообщение от сервера (localhost / 7777: Sun Jan 23 12:58:58 2022

2022-01-23 12:58:58,974 - INFO       - client - Получено сообщение от сервера (localhost / 7777: Sun Jan 23 12:58:58 2022

2022-01-23 12:58:59,176 - INFO       - client - Получено сообщение от сервера (localhost / 7777: Sun Jan 23 12:58:59 2022

2022-01-23 12:58:59,379 - INFO       - client - Получено сообщение от сервера (localhost / 7777: Sun Jan 23 12:58:59 2022

2022-01-23 12:58:59,595 - INFO       - client - Получено сообщение от сервера (localhost / 7777: Sun Jan 23 12:58:59 2022

2022-01-23 12:58:59,799 - INFO       - client - Получено сообщение от сервера (localhost / 7777: Sun Jan 23 12:58:59 2022

2022-01-23 12:59:00,015 - INFO       - client - Получено сообщение от сервера (localhost / 7777: Sun Jan 23 12:59:00 2022

2022-01-23 12:59:00,233 - INFO       - client - Получено сообщение от сервера (localhost / 7777: Sun Jan 23 12:59:00 2022

2022-01-23 12:59:00,435 - INFO       - client - Получено сообщение от сервера (localhost / 7777: Sun Jan 23 12:59:00 2022

2022-01-23 12:59:00,637 - INFO       - client - Получено сообщение от сервера (localhost / 7777: Sun Jan 23 12:59:00 2022

2022-01-23 12:59:00,839 - INFO       - client - Получено сообщение от сервера (localhost / 7777: Sun Jan 23 12:59:00 2022

2022-01-23 12:59:01,041 - INFO       - client - Получено сообщение от сервера (localhost / 7777: Sun Jan 23 12:59:01 2022

2022-01-23 12:59:01,245 - INFO       - client - Получено сообщение от сервера (localhost / 7777: Sun Jan 23 12:59:01 2022

2022-01-23 12:59:01,447 - INFO       - client - Получено сообщение от сервера (localhost / 7777: Sun Jan 23 12:59:01 2022

2022-01-23 12:59:01,649 - INFO       - client - Получено сообщение от сервера (localhost / 7777: Sun Jan 23 12:59:01 2022

2022-01-23 12:59:01,851 - INFO       - client - Получено сообщение от сервера (localhost / 7777: Sun Jan 23 12:59:01 2022

2022-01-23 12:59:02,054 - INFO       - client - Получено сообщение от сервера (localhost / 7777: Sun Jan 23 12:59:02 2022

2022-01-23 12:59:02,255 - INFO       - client - Получено сообщение от сервера (localhost / 7777: Sun Jan 23 12:59:02 2022

2022-01-23 12:59:02,458 - INFO       - client - Получено сообщение от сервера (localhost / 7777: Sun Jan 23 12:59:02 2022

2022-01-23 12:59:02,661 - INFO       - client - Получено сообщение от сервера (localhost / 7777: Sun Jan 23 12:59:02 2022

2022-01-23 12:59:02,864 - INFO       - client - Получено сообщение от сервера (localhost / 7777: Sun Jan 23 12:59:02 2022

2022-01-23 12:59:03,066 - INFO       - client - Получено сообщение от сервера (localhost / 7777: Sun Jan 23 12:59:03 2022

2022-01-23 12:59:03,271 - INFO       - client - Получено сообщение от сервера (localhost / 7777: Sun Jan 23 12:59:03 2022

2022-01-23 12:59:03,472 - INFO       - client - Получено сообщение от сервера (localhost / 7777: Sun Jan 23 12:59:03 2022

2022-01-23 12:59:03,675 - INFO       - client - Получено сообщение от сервера (localhost / 7777: Sun Jan 23 12:59:03 2022

